<?xml version="1.0" encoding="UTF-8"?>
<coverage generated="1755625007392" clover="3.2.0">
  <project timestamp="1755625007392" name="All files">
    <metrics statements="33" coveredstatements="29" conditionals="35" coveredconditionals="30" methods="5" coveredmethods="5" elements="73" coveredelements="64" complexity="0" loc="33" ncloc="33" packages="1" files="1" classes="1"/>
    <file name="calculadora.js" path="C:\Users\Lenovo\Desktop\Sexto\Pruebas de Software\Pruebas\Prueba Conjunta 3\src\utils\calculadora.js">
      <metrics statements="33" coveredstatements="29" conditionals="35" coveredconditionals="30" methods="5" coveredmethods="5"/>
      <line num="3" count="7" type="cond" truecount="2" falsecount="0"/>
      <line num="4" count="1" type="stmt"/>
      <line num="7" count="6" type="stmt"/>
      <line num="8" count="6" type="stmt"/>
      <line num="10" count="6" type="stmt"/>
      <line num="11" count="7" type="cond" truecount="4" falsecount="0"/>
      <line num="12" count="1" type="stmt"/>
      <line num="14" count="6" type="stmt"/>
      <line num="15" count="6" type="cond" truecount="4" falsecount="0"/>
      <line num="16" count="2" type="stmt"/>
      <line num="18" count="4" type="cond" truecount="4" falsecount="0"/>
      <line num="19" count="1" type="stmt"/>
      <line num="21" count="3" type="cond" truecount="4" falsecount="0"/>
      <line num="22" count="1" type="stmt"/>
      <line num="24" count="2" type="stmt"/>
      <line num="25" count="2" type="stmt"/>
      <line num="28" count="1" type="cond" truecount="1" falsecount="1"/>
      <line num="29" count="0" type="stmt"/>
      <line num="32" count="1" type="stmt"/>
      <line num="36" count="3" type="cond" truecount="4" falsecount="1"/>
      <line num="37" count="0" type="stmt"/>
      <line num="39" count="3" type="cond" truecount="3" falsecount="1"/>
      <line num="40" count="0" type="stmt"/>
      <line num="42" count="3" type="stmt"/>
      <line num="43" count="10" type="cond" truecount="1" falsecount="1"/>
      <line num="44" count="0" type="stmt"/>
      <line num="47" count="7" type="stmt"/>
      <line num="48" count="3" type="stmt"/>
      <line num="49" count="3" type="stmt"/>
      <line num="50" count="3" type="cond" truecount="2" falsecount="0"/>
      <line num="51" count="2" type="cond" truecount="1" falsecount="1"/>
      <line num="52" count="2" type="stmt"/>
      <line num="55" count="1" type="stmt"/>
    </file>
  </project>
</coverage>
