{"C:\\Users\\Lenovo\\Desktop\\Sexto\\Pruebas de Software\\Pruebas\\Prueba Conjunta 3\\src\\utils\\calculadora.js": {"path":"C:\\Users\\Lenovo\\Desktop\\Sexto\\Pruebas de Software\\Pruebas\\Prueba Conjunta 3\\src\\utils\\calculadora.js","statementMap":{"0":{"start":{"line":3,"column":4},"end":{"line":5,"column":5}},"1":{"start":{"line":4,"column":8},"end":{"line":4,"column":57}},"2":{"start":{"line":7,"column":21},"end":{"line":7,"column":22}},"3":{"start":{"line":8,"column":15},"end":{"line":8,"column":16}},"4":{"start":{"line":10,"column":4},"end":{"line":26,"column":7}},"5":{"start":{"line":11,"column":8},"end":{"line":13,"column":9}},"6":{"start":{"line":12,"column":12},"end":{"line":12,"column":80}},"7":{"start":{"line":14,"column":34},"end":{"line":14,"column":38}},"8":{"start":{"line":15,"column":8},"end":{"line":17,"column":9}},"9":{"start":{"line":16,"column":12},"end":{"line":16,"column":88}},"10":{"start":{"line":18,"column":8},"end":{"line":20,"column":9}},"11":{"start":{"line":19,"column":12},"end":{"line":19,"column":65}},"12":{"start":{"line":21,"column":8},"end":{"line":23,"column":9}},"13":{"start":{"line":22,"column":12},"end":{"line":22,"column":65}},"14":{"start":{"line":24,"column":8},"end":{"line":24,"column":29}},"15":{"start":{"line":25,"column":8},"end":{"line":25,"column":31}},"16":{"start":{"line":28,"column":4},"end":{"line":30,"column":5}},"17":{"start":{"line":29,"column":8},"end":{"line":29,"column":64}},"18":{"start":{"line":32,"column":4},"end":{"line":32,"column":35}},"19":{"start":{"line":36,"column":4},"end":{"line":38,"column":5}},"20":{"start":{"line":37,"column":8},"end":{"line":37,"column":64}},"21":{"start":{"line":39,"column":4},"end":{"line":41,"column":5}},"22":{"start":{"line":40,"column":8},"end":{"line":40,"column":67}},"23":{"start":{"line":42,"column":4},"end":{"line":46,"column":7}},"24":{"start":{"line":43,"column":8},"end":{"line":45,"column":9}},"25":{"start":{"line":44,"column":12},"end":{"line":44,"column":80}},"26":{"start":{"line":47,"column":4},"end":{"line":47,"column":33}},"27":{"start":{"line":47,"column":26},"end":{"line":47,"column":31}},"28":{"start":{"line":48,"column":14},"end":{"line":48,"column":27}},"29":{"start":{"line":49,"column":17},"end":{"line":49,"column":41}},"30":{"start":{"line":50,"column":4},"end":{"line":50,"column":56}},"31":{"start":{"line":50,"column":20},"end":{"line":50,"column":56}},"32":{"start":{"line":51,"column":4},"end":{"line":51,"column":58}},"33":{"start":{"line":51,"column":18},"end":{"line":51,"column":58}},"34":{"start":{"line":52,"column":4},"end":{"line":52,"column":47}},"35":{"start":{"line":55,"column":0},"end":{"line":58,"column":2}}},"fnMap":{"0":{"name":"calcWeightedGrade","decl":{"start":{"line":2,"column":9},"end":{"line":2,"column":26}},"loc":{"start":{"line":2,"column":34},"end":{"line":33,"column":1}},"line":2},"1":{"name":"(anonymous_1)","decl":{"start":{"line":10,"column":18},"end":{"line":10,"column":19}},"loc":{"start":{"line":10,"column":33},"end":{"line":26,"column":5}},"line":10},"2":{"name":"percentile","decl":{"start":{"line":35,"column":9},"end":{"line":35,"column":19}},"loc":{"start":{"line":35,"column":30},"end":{"line":53,"column":1}},"line":35},"3":{"name":"(anonymous_3)","decl":{"start":{"line":42,"column":19},"end":{"line":42,"column":20}},"loc":{"start":{"line":42,"column":31},"end":{"line":46,"column":5}},"line":42},"4":{"name":"(anonymous_4)","decl":{"start":{"line":47,"column":16},"end":{"line":47,"column":17}},"loc":{"start":{"line":47,"column":26},"end":{"line":47,"column":31}},"line":47}},"branchMap":{"0":{"loc":{"start":{"line":3,"column":4},"end":{"line":5,"column":5}},"type":"if","locations":[{"start":{"line":3,"column":4},"end":{"line":5,"column":5}},{"start":{},"end":{}}],"line":3},"1":{"loc":{"start":{"line":11,"column":8},"end":{"line":13,"column":9}},"type":"if","locations":[{"start":{"line":11,"column":8},"end":{"line":13,"column":9}},{"start":{},"end":{}}],"line":11},"2":{"loc":{"start":{"line":11,"column":11},"end":{"line":11,"column":52}},"type":"binary-expr","locations":[{"start":{"line":11,"column":11},"end":{"line":11,"column":35}},{"start":{"line":11,"column":39},"end":{"line":11,"column":52}}],"line":11},"3":{"loc":{"start":{"line":15,"column":8},"end":{"line":17,"column":9}},"type":"if","locations":[{"start":{"line":15,"column":8},"end":{"line":17,"column":9}},{"start":{},"end":{}}],"line":15},"4":{"loc":{"start":{"line":15,"column":11},"end":{"line":15,"column":66}},"type":"binary-expr","locations":[{"start":{"line":15,"column":11},"end":{"line":15,"column":36}},{"start":{"line":15,"column":40},"end":{"line":15,"column":66}}],"line":15},"5":{"loc":{"start":{"line":18,"column":8},"end":{"line":20,"column":9}},"type":"if","locations":[{"start":{"line":18,"column":8},"end":{"line":20,"column":9}},{"start":{},"end":{}}],"line":18},"6":{"loc":{"start":{"line":18,"column":12},"end":{"line":18,"column":36}},"type":"binary-expr","locations":[{"start":{"line":18,"column":12},"end":{"line":18,"column":21}},{"start":{"line":18,"column":25},"end":{"line":18,"column":36}}],"line":18},"7":{"loc":{"start":{"line":21,"column":8},"end":{"line":23,"column":9}},"type":"if","locations":[{"start":{"line":21,"column":8},"end":{"line":23,"column":9}},{"start":{},"end":{}}],"line":21},"8":{"loc":{"start":{"line":21,"column":12},"end":{"line":21,"column":36}},"type":"binary-expr","locations":[{"start":{"line":21,"column":12},"end":{"line":21,"column":22}},{"start":{"line":21,"column":26},"end":{"line":21,"column":36}}],"line":21},"9":{"loc":{"start":{"line":28,"column":4},"end":{"line":30,"column":5}},"type":"if","locations":[{"start":{"line":28,"column":4},"end":{"line":30,"column":5}},{"start":{},"end":{}}],"line":28},"10":{"loc":{"start":{"line":36,"column":4},"end":{"line":38,"column":5}},"type":"if","locations":[{"start":{"line":36,"column":4},"end":{"line":38,"column":5}},{"start":{},"end":{}}],"line":36},"11":{"loc":{"start":{"line":36,"column":8},"end":{"line":36,"column":49}},"type":"binary-expr","locations":[{"start":{"line":36,"column":8},"end":{"line":36,"column":29}},{"start":{"line":36,"column":33},"end":{"line":36,"column":38}},{"start":{"line":36,"column":42},"end":{"line":36,"column":49}}],"line":36},"12":{"loc":{"start":{"line":39,"column":4},"end":{"line":41,"column":5}},"type":"if","locations":[{"start":{"line":39,"column":4},"end":{"line":41,"column":5}},{"start":{},"end":{}}],"line":39},"13":{"loc":{"start":{"line":39,"column":8},"end":{"line":39,"column":53}},"type":"binary-expr","locations":[{"start":{"line":39,"column":8},"end":{"line":39,"column":30}},{"start":{"line":39,"column":34},"end":{"line":39,"column":53}}],"line":39},"14":{"loc":{"start":{"line":43,"column":8},"end":{"line":45,"column":9}},"type":"if","locations":[{"start":{"line":43,"column":8},"end":{"line":45,"column":9}},{"start":{},"end":{}}],"line":43},"15":{"loc":{"start":{"line":50,"column":4},"end":{"line":50,"column":56}},"type":"if","locations":[{"start":{"line":50,"column":4},"end":{"line":50,"column":56}},{"start":{},"end":{}}],"line":50},"16":{"loc":{"start":{"line":51,"column":4},"end":{"line":51,"column":58}},"type":"if","locations":[{"start":{"line":51,"column":4},"end":{"line":51,"column":58}},{"start":{},"end":{}}],"line":51}},"s":{"0":7,"1":1,"2":6,"3":6,"4":6,"5":7,"6":1,"7":6,"8":6,"9":2,"10":4,"11":1,"12":3,"13":1,"14":2,"15":2,"16":1,"17":0,"18":1,"19":3,"20":0,"21":3,"22":0,"23":3,"24":10,"25":0,"26":3,"27":7,"28":3,"29":3,"30":3,"31":1,"32":2,"33":0,"34":2,"35":1},"f":{"0":7,"1":7,"2":3,"3":10,"4":7},"b":{"0":[1,6],"1":[1,6],"2":[7,7],"3":[2,4],"4":[6,5],"5":[1,3],"6":[4,4],"7":[1,2],"8":[3,3],"9":[0,1],"10":[0,3],"11":[3,3,3],"12":[0,3],"13":[3,3],"14":[0,10],"15":[1,2],"16":[0,2]},"_coverageSchema":"1a1c01bbd47fc00a2c39e90264f33305004495a9","hash":"3741dea1090b144cae465449e7a8c10495128da4"}
}
