TN:
SF:src\utils\calculadora.js
FN:2,calcWeightedGrade
FN:10,(anonymous_1)
FN:35,percentile
FN:42,(anonymous_3)
FN:47,(anonymous_4)
FNF:5
FNH:5
FNDA:7,calcWeightedGrade
FNDA:7,(anonymous_1)
FNDA:3,percentile
FNDA:10,(anonymous_3)
FNDA:7,(anonymous_4)
DA:3,7
DA:4,1
DA:7,6
DA:8,6
DA:10,6
DA:11,7
DA:12,1
DA:14,6
DA:15,6
DA:16,2
DA:18,4
DA:19,1
DA:21,3
DA:22,1
DA:24,2
DA:25,2
DA:28,1
DA:29,0
DA:32,1
DA:36,3
DA:37,0
DA:39,3
DA:40,0
DA:42,3
DA:43,10
DA:44,0
DA:47,7
DA:48,3
DA:49,3
DA:50,3
DA:51,2
DA:52,2
DA:55,1
LF:33
LH:29
BRDA:3,0,0,1
BRDA:3,0,1,6
BRDA:11,1,0,1
BRDA:11,1,1,6
BRDA:11,2,0,7
BRDA:11,2,1,7
BRDA:15,3,0,2
BRDA:15,3,1,4
BRDA:15,4,0,6
BRDA:15,4,1,5
BRDA:18,5,0,1
BRDA:18,5,1,3
BRDA:18,6,0,4
BRDA:18,6,1,4
BRDA:21,7,0,1
BRDA:21,7,1,2
BRDA:21,8,0,3
BRDA:21,8,1,3
BRDA:28,9,0,0
BRDA:28,9,1,1
BRDA:36,10,0,0
BRDA:36,10,1,3
BRDA:36,11,0,3
BRDA:36,11,1,3
BRDA:36,11,2,3
BRDA:39,12,0,0
BRDA:39,12,1,3
BRDA:39,13,0,3
BRDA:39,13,1,3
BRDA:43,14,0,0
BRDA:43,14,1,10
BRDA:50,15,0,1
BRDA:50,15,1,2
BRDA:51,16,0,0
BRDA:51,16,1,2
BRF:35
BRH:30
end_of_record
